_old_/4-assembly/android/mixc-retail/android/app/build/intermediates/manifest_merge_blame_file/debug/processDebugMainManifest/manifest-merger-blame-debug-report.txt
1<?xml version="1.0" encoding="utf-8"?>
2<manifest xmlns:android="http://schemas.android.com/apk/res/android"
3    package="com.impos2.posdesktop"
4    android:versionCode="1"
5    android:versionName="1.0" >
6
7    <uses-sdk
8        android:minSdkVersion="24"
9        android:targetSdkVersion="34" />
10
11    <uses-permission android:name="android.permission.INTERNET" />
11-->src/main/AndroidManifest.xml:3:5-67
11-->src/main/AndroidManifest.xml:3:22-64
12    <uses-permission android:name="android.permission.ACCESS_NETWORK_STATE" />
12-->src/main/AndroidManifest.xml:4:5-79
12-->src/main/AndroidManifest.xml:4:22-76
13    <uses-permission android:name="android.permission.ACCESS_WIFI_STATE" />
13-->src/main/AndroidManifest.xml:5:5-76
13-->src/main/AndroidManifest.xml:5:22-73
14
15    <!-- ExternalCall: BLUETOOTH -->
16    <uses-permission
16-->src/main/AndroidManifest.xml:8:5-95
17        android:name="android.permission.BLUETOOTH"
17-->src/main/AndroidManifest.xml:8:22-65
18        android:maxSdkVersion="30" />
18-->src/main/AndroidManifest.xml:8:66-92
19    <uses-permission
19-->src/main/AndroidManifest.xml:9:5-101
20        android:name="android.permission.BLUETOOTH_ADMIN"
20-->src/main/AndroidManifest.xml:9:22-71
21        android:maxSdkVersion="30" />
21-->src/main/AndroidManifest.xml:9:72-98
22    <uses-permission android:name="android.permission.BLUETOOTH_CONNECT" />
22-->src/main/AndroidManifest.xml:10:5-76
22-->src/main/AndroidManifest.xml:10:22-73
23    <uses-permission android:name="android.permission.BLUETOOTH_SCAN" />
23-->src/main/AndroidManifest.xml:11:5-73
23-->src/main/AndroidManifest.xml:11:22-70
24
25    <!-- ExternalCall: USB -->
26    <uses-feature
26-->src/main/AndroidManifest.xml:14:5-87
27        android:name="android.hardware.usb.host"
27-->src/main/AndroidManifest.xml:14:19-59
28        android:required="false" />
28-->src/main/AndroidManifest.xml:14:60-84
29
30    <!-- LocalWebServer: 前台服务 -->
31    <uses-permission android:name="android.permission.FOREGROUND_SERVICE" />
31-->src/main/AndroidManifest.xml:17:5-77
31-->src/main/AndroidManifest.xml:17:22-74
32    <uses-permission android:name="android.permission.FOREGROUND_SERVICE_DATA_SYNC" />
32-->src/main/AndroidManifest.xml:18:5-87
32-->src/main/AndroidManifest.xml:18:22-84
33    <!--
34    This manifest file is used only by Gradle to configure debug-only capabilities
35    for React Native Apps.
36    -->
37    <uses-permission android:name="android.permission.SYSTEM_ALERT_WINDOW" />
37-->[com.facebook.react:react-android:0.77.1] AndroidManifest.xml:16:5-78
37-->[com.facebook.react:react-android:0.77.1] AndroidManifest.xml:16:22-75
38    <uses-permission android:name="android.permission.CAMERA" />
38-->[:adapter-v1-turbomodule] AndroidManifest.xml:7:5-65
38-->[:adapter-v1-turbomodule] AndroidManifest.xml:7:22-62
39
40    <uses-feature
40-->[:adapter-v1-turbomodule] AndroidManifest.xml:9:5-11:36
41        android:name="android.hardware.camera"
41-->[:adapter-v1-turbomodule] AndroidManifest.xml:10:9-47
42        android:required="false" />
42-->[:adapter-v1-turbomodule] AndroidManifest.xml:11:9-33
43
44    <permission
44-->[androidx.core:core:1.13.1] AndroidManifest.xml:22:5-24:47
45        android:name="com.impos2.posdesktop.DYNAMIC_RECEIVER_NOT_EXPORTED_PERMISSION"
45-->[androidx.core:core:1.13.1] AndroidManifest.xml:23:9-81
46        android:protectionLevel="signature" />
46-->[androidx.core:core:1.13.1] AndroidManifest.xml:24:9-44
47
48    <uses-permission android:name="com.impos2.posdesktop.DYNAMIC_RECEIVER_NOT_EXPORTED_PERMISSION" />
48-->[androidx.core:core:1.13.1] AndroidManifest.xml:26:5-97
48-->[androidx.core:core:1.13.1] AndroidManifest.xml:26:22-94
49
50    <application
50-->src/main/AndroidManifest.xml:20:5-56:19
51        android:name="com.impos2.posdesktop.MainApplication"
51-->src/main/AndroidManifest.xml:21:7-38
52        android:allowBackup="false"
52-->src/main/AndroidManifest.xml:25:7-34
53        android:appComponentFactory="androidx.core.app.CoreComponentFactory"
53-->[androidx.core:core:1.13.1] AndroidManifest.xml:28:18-86
54        android:debuggable="true"
55        android:extractNativeLibs="false"
56        android:hardwareAccelerated="true"
56-->src/main/AndroidManifest.xml:28:7-41
57        android:icon="@mipmap/ic_launcher"
57-->src/main/AndroidManifest.xml:23:7-41
58        android:label="@string/app_name"
58-->src/main/AndroidManifest.xml:22:7-39
59        android:largeHeap="true"
59-->src/main/AndroidManifest.xml:29:7-31
60        android:networkSecurityConfig="@xml/network_security_config"
60-->src/main/AndroidManifest.xml:30:7-67
61        android:roundIcon="@mipmap/ic_launcher_round"
61-->src/main/AndroidManifest.xml:24:7-52
62        android:supportsRtl="true"
62-->src/main/AndroidManifest.xml:27:7-33
63        android:theme="@style/AppTheme" >
63-->src/main/AndroidManifest.xml:26:7-38
64        <activity
64-->src/main/AndroidManifest.xml:31:7-44:18
65            android:name="com.impos2.posdesktop.MainActivity"
65-->src/main/AndroidManifest.xml:32:9-37
66            android:configChanges="keyboard|keyboardHidden|orientation|screenLayout|screenSize|smallestScreenSize|uiMode"
66-->src/main/AndroidManifest.xml:34:9-118
67            android:exported="true"
67-->src/main/AndroidManifest.xml:39:9-32
68            android:label="@string/app_name"
68-->src/main/AndroidManifest.xml:33:9-41
69            android:launchMode="singleTask"
69-->src/main/AndroidManifest.xml:35:9-40
70            android:lockTaskMode="if_whitelisted"
70-->src/main/AndroidManifest.xml:36:9-46
71            android:theme="@style/LaunchTheme"
71-->src/main/AndroidManifest.xml:38:9-43
72            android:windowSoftInputMode="adjustPan" >
72-->src/main/AndroidManifest.xml:37:9-48
73            <intent-filter>
73-->src/main/AndroidManifest.xml:40:9-43:25
74                <action android:name="android.intent.action.MAIN" />
74-->src/main/AndroidManifest.xml:41:13-65
74-->src/main/AndroidManifest.xml:41:21-62
75
76                <category android:name="android.intent.category.LAUNCHER" />
76-->src/main/AndroidManifest.xml:42:13-73
76-->src/main/AndroidManifest.xml:42:23-70
77            </intent-filter>
78        </activity>
79        <activity
79-->src/main/AndroidManifest.xml:45:7-50:36
80            android:name="com.impos2.posdesktop.LoadingActivity"
80-->src/main/AndroidManifest.xml:46:9-40
81            android:excludeFromRecents="true"
81-->src/main/AndroidManifest.xml:49:9-42
82            android:exported="false"
82-->src/main/AndroidManifest.xml:50:9-33
83            android:launchMode="singleTask"
83-->src/main/AndroidManifest.xml:48:9-40
84            android:theme="@style/LoadingTheme" />
84-->src/main/AndroidManifest.xml:47:9-44
85        <!-- LocalWebServer 前台服务 -->
86        <service
86-->src/main/AndroidManifest.xml:52:7-55:52
87            android:name="com.impos2.posadapter.turbomodules.localwebserver.LocalWebServerService"
87-->src/main/AndroidManifest.xml:53:9-95
88            android:exported="false"
88-->src/main/AndroidManifest.xml:54:9-33
89            android:foregroundServiceType="dataSync" />
89-->src/main/AndroidManifest.xml:55:9-49
90
91        <activity
91-->[com.facebook.react:react-android:0.77.1] AndroidManifest.xml:19:9-21:40
92            android:name="com.facebook.react.devsupport.DevSettingsActivity"
92-->[com.facebook.react:react-android:0.77.1] AndroidManifest.xml:20:13-77
93            android:exported="false" />
93-->[com.facebook.react:react-android:0.77.1] AndroidManifest.xml:21:13-37
94        <activity
94-->[:adapter-v1-turbomodule] AndroidManifest.xml:14:9-18:75
95            android:name="com.impos2.posadapter.turbomodules.connector.channels.ResultBridgeActivity"
95-->[:adapter-v1-turbomodule] AndroidManifest.xml:15:13-102
96            android:excludeFromRecents="true"
96-->[:adapter-v1-turbomodule] AndroidManifest.xml:16:13-46
97            android:exported="false"
97-->[:adapter-v1-turbomodule] AndroidManifest.xml:17:13-37
98            android:theme="@android:style/Theme.Translucent.NoTitleBar" />
98-->[:adapter-v1-turbomodule] AndroidManifest.xml:18:13-72
99        <activity
99-->[:adapter-v1-turbomodule] AndroidManifest.xml:19:9-29:20
100            android:name="com.impos2.posadapter.turbomodules.connector.channels.CameraScanActivity"
100-->[:adapter-v1-turbomodule] AndroidManifest.xml:20:13-100
101            android:configChanges="orientation|screenSize"
101-->[:adapter-v1-turbomodule] AndroidManifest.xml:21:13-59
102            android:exported="false"
102-->[:adapter-v1-turbomodule] AndroidManifest.xml:22:13-37
103            android:theme="@style/Theme.AppCompat.NoActionBar" >
103-->[:adapter-v1-turbomodule] AndroidManifest.xml:23:13-63
104            <intent-filter>
104-->[:adapter-v1-turbomodule] AndroidManifest.xml:24:13-28:29
105                <action android:name="com.impos2.posadapter.action.CAMERA_SCAN" />
105-->[:adapter-v1-turbomodule] AndroidManifest.xml:25:17-83
105-->[:adapter-v1-turbomodule] AndroidManifest.xml:25:25-80
106
107                <category android:name="android.intent.category.DEFAULT" />
107-->[:adapter-v1-turbomodule] AndroidManifest.xml:27:17-76
107-->[:adapter-v1-turbomodule] AndroidManifest.xml:27:27-73
108            </intent-filter>
109        </activity>
110
111        <service
111-->[androidx.camera:camera-camera2:1.3.4] AndroidManifest.xml:24:9-33:19
112            android:name="androidx.camera.core.impl.MetadataHolderService"
112-->[androidx.camera:camera-camera2:1.3.4] AndroidManifest.xml:25:13-75
113            android:enabled="false"
113-->[androidx.camera:camera-camera2:1.3.4] AndroidManifest.xml:26:13-36
114            android:exported="false" >
114-->[androidx.camera:camera-camera2:1.3.4] AndroidManifest.xml:27:13-37
115            <meta-data
115-->[androidx.camera:camera-camera2:1.3.4] AndroidManifest.xml:30:13-32:89
116                android:name="androidx.camera.core.impl.MetadataHolderService.DEFAULT_CONFIG_PROVIDER"
116-->[androidx.camera:camera-camera2:1.3.4] AndroidManifest.xml:31:17-103
117                android:value="androidx.camera.camera2.Camera2Config$DefaultProvider" />
117-->[androidx.camera:camera-camera2:1.3.4] AndroidManifest.xml:32:17-86
118        </service>
119        <service
119-->[com.google.android.gms:play-services-mlkit-barcode-scanning:18.3.1] AndroidManifest.xml:9:9-15:19
120            android:name="com.google.mlkit.common.internal.MlKitComponentDiscoveryService"
120-->[com.google.android.gms:play-services-mlkit-barcode-scanning:18.3.1] AndroidManifest.xml:10:13-91
121            android:directBootAware="true"
121-->[com.google.mlkit:common:18.11.0] AndroidManifest.xml:17:13-43
122            android:exported="false" >
122-->[com.google.android.gms:play-services-mlkit-barcode-scanning:18.3.1] AndroidManifest.xml:11:13-37
123            <meta-data
123-->[com.google.android.gms:play-services-mlkit-barcode-scanning:18.3.1] AndroidManifest.xml:12:13-14:85
124                android:name="com.google.firebase.components:com.google.mlkit.vision.barcode.internal.BarcodeRegistrar"
124-->[com.google.android.gms:play-services-mlkit-barcode-scanning:18.3.1] AndroidManifest.xml:13:17-120
125                android:value="com.google.firebase.components.ComponentRegistrar" />
125-->[com.google.android.gms:play-services-mlkit-barcode-scanning:18.3.1] AndroidManifest.xml:14:17-82
126            <meta-data
126-->[com.google.mlkit:vision-common:17.3.0] AndroidManifest.xml:12:13-14:85
127                android:name="com.google.firebase.components:com.google.mlkit.vision.common.internal.VisionCommonRegistrar"
127-->[com.google.mlkit:vision-common:17.3.0] AndroidManifest.xml:13:17-124
128                android:value="com.google.firebase.components.ComponentRegistrar" />
128-->[com.google.mlkit:vision-common:17.3.0] AndroidManifest.xml:14:17-82
129            <meta-data
129-->[com.google.mlkit:common:18.11.0] AndroidManifest.xml:20:13-22:85
130                android:name="com.google.firebase.components:com.google.mlkit.common.internal.CommonComponentRegistrar"
130-->[com.google.mlkit:common:18.11.0] AndroidManifest.xml:21:17-120
131                android:value="com.google.firebase.components.ComponentRegistrar" />
131-->[com.google.mlkit:common:18.11.0] AndroidManifest.xml:22:17-82
132        </service>
133
134        <provider
134-->[com.google.mlkit:common:18.11.0] AndroidManifest.xml:9:9-13:38
135            android:name="com.google.mlkit.common.internal.MlKitInitProvider"
135-->[com.google.mlkit:common:18.11.0] AndroidManifest.xml:10:13-78
136            android:authorities="com.impos2.posdesktop.mlkitinitprovider"
136-->[com.google.mlkit:common:18.11.0] AndroidManifest.xml:11:13-69
137            android:exported="false"
137-->[com.google.mlkit:common:18.11.0] AndroidManifest.xml:12:13-37
138            android:initOrder="99" />
138-->[com.google.mlkit:common:18.11.0] AndroidManifest.xml:13:13-35
139
140        <activity
140-->[com.google.android.gms:play-services-base:18.5.0] AndroidManifest.xml:5:9-173
141            android:name="com.google.android.gms.common.api.GoogleApiActivity"
141-->[com.google.android.gms:play-services-base:18.5.0] AndroidManifest.xml:5:19-85
142            android:exported="false"
142-->[com.google.android.gms:play-services-base:18.5.0] AndroidManifest.xml:5:146-170
143            android:theme="@android:style/Theme.Translucent.NoTitleBar" />
143-->[com.google.android.gms:play-services-base:18.5.0] AndroidManifest.xml:5:86-145
144
145        <meta-data
145-->[com.google.android.gms:play-services-basement:18.4.0] AndroidManifest.xml:6:9-122
146            android:name="com.google.android.gms.version"
146-->[com.google.android.gms:play-services-basement:18.4.0] AndroidManifest.xml:6:20-65
147            android:value="@integer/google_play_services_version" />
147-->[com.google.android.gms:play-services-basement:18.4.0] AndroidManifest.xml:6:66-119
148
149        <provider
149-->[androidx.emoji2:emoji2:1.3.0] AndroidManifest.xml:24:9-32:20
150            android:name="androidx.startup.InitializationProvider"
150-->[androidx.emoji2:emoji2:1.3.0] AndroidManifest.xml:25:13-67
151            android:authorities="com.impos2.posdesktop.androidx-startup"
151-->[androidx.emoji2:emoji2:1.3.0] AndroidManifest.xml:26:13-68
152            android:exported="false" >
152-->[androidx.emoji2:emoji2:1.3.0] AndroidManifest.xml:27:13-37
153            <meta-data
153-->[androidx.emoji2:emoji2:1.3.0] AndroidManifest.xml:29:13-31:52
154                android:name="androidx.emoji2.text.EmojiCompatInitializer"
154-->[androidx.emoji2:emoji2:1.3.0] AndroidManifest.xml:30:17-75
155                android:value="androidx.startup" />
155-->[androidx.emoji2:emoji2:1.3.0] AndroidManifest.xml:31:17-49
156            <meta-data
156-->[androidx.lifecycle:lifecycle-process:2.6.2] AndroidManifest.xml:29:13-31:52
157                android:name="androidx.lifecycle.ProcessLifecycleInitializer"
157-->[androidx.lifecycle:lifecycle-process:2.6.2] AndroidManifest.xml:30:17-78
158                android:value="androidx.startup" />
158-->[androidx.lifecycle:lifecycle-process:2.6.2] AndroidManifest.xml:31:17-49
159            <meta-data
159-->[androidx.profileinstaller:profileinstaller:1.3.1] AndroidManifest.xml:29:13-31:52
160                android:name="androidx.profileinstaller.ProfileInstallerInitializer"
160-->[androidx.profileinstaller:profileinstaller:1.3.1] AndroidManifest.xml:30:17-85
161                android:value="androidx.startup" />
161-->[androidx.profileinstaller:profileinstaller:1.3.1] AndroidManifest.xml:31:17-49
162        </provider>
163
164        <receiver
164-->[androidx.profileinstaller:profileinstaller:1.3.1] AndroidManifest.xml:34:9-52:20
165            android:name="androidx.profileinstaller.ProfileInstallReceiver"
165-->[androidx.profileinstaller:profileinstaller:1.3.1] AndroidManifest.xml:35:13-76
166            android:directBootAware="false"
166-->[androidx.profileinstaller:profileinstaller:1.3.1] AndroidManifest.xml:36:13-44
167            android:enabled="true"
167-->[androidx.profileinstaller:profileinstaller:1.3.1] AndroidManifest.xml:37:13-35
168            android:exported="true"
168-->[androidx.profileinstaller:profileinstaller:1.3.1] AndroidManifest.xml:38:13-36
169            android:permission="android.permission.DUMP" >
169-->[androidx.profileinstaller:profileinstaller:1.3.1] AndroidManifest.xml:39:13-57
170            <intent-filter>
170-->[androidx.profileinstaller:profileinstaller:1.3.1] AndroidManifest.xml:40:13-42:29
171                <action android:name="androidx.profileinstaller.action.INSTALL_PROFILE" />
171-->[androidx.profileinstaller:profileinstaller:1.3.1] AndroidManifest.xml:41:17-91
171-->[androidx.profileinstaller:profileinstaller:1.3.1] AndroidManifest.xml:41:25-88
172            </intent-filter>
173            <intent-filter>
173-->[androidx.profileinstaller:profileinstaller:1.3.1] AndroidManifest.xml:43:13-45:29
174                <action android:name="androidx.profileinstaller.action.SKIP_FILE" />
174-->[androidx.profileinstaller:profileinstaller:1.3.1] AndroidManifest.xml:44:17-85
174-->[androidx.profileinstaller:profileinstaller:1.3.1] AndroidManifest.xml:44:25-82
175            </intent-filter>
176            <intent-filter>
176-->[androidx.profileinstaller:profileinstaller:1.3.1] AndroidManifest.xml:46:13-48:29
177                <action android:name="androidx.profileinstaller.action.SAVE_PROFILE" />
177-->[androidx.profileinstaller:profileinstaller:1.3.1] AndroidManifest.xml:47:17-88
177-->[androidx.profileinstaller:profileinstaller:1.3.1] AndroidManifest.xml:47:25-85
178            </intent-filter>
179            <intent-filter>
179-->[androidx.profileinstaller:profileinstaller:1.3.1] AndroidManifest.xml:49:13-51:29
180                <action android:name="androidx.profileinstaller.action.BENCHMARK_OPERATION" />
180-->[androidx.profileinstaller:profileinstaller:1.3.1] AndroidManifest.xml:50:17-95
180-->[androidx.profileinstaller:profileinstaller:1.3.1] AndroidManifest.xml:50:25-92
181            </intent-filter>
182        </receiver>
183
184        <service
184-->[com.google.android.datatransport:transport-backend-cct:2.3.3] AndroidManifest.xml:29:9-35:19
185            android:name="com.google.android.datatransport.runtime.backends.TransportBackendDiscovery"
185-->[com.google.android.datatransport:transport-backend-cct:2.3.3] AndroidManifest.xml:30:13-103
186            android:exported="false" >
186-->[com.google.android.datatransport:transport-backend-cct:2.3.3] AndroidManifest.xml:31:13-37
187            <meta-data
187-->[com.google.android.datatransport:transport-backend-cct:2.3.3] AndroidManifest.xml:32:13-34:39
188                android:name="backend:com.google.android.datatransport.cct.CctBackendFactory"
188-->[com.google.android.datatransport:transport-backend-cct:2.3.3] AndroidManifest.xml:33:17-94
189                android:value="cct" />
189-->[com.google.android.datatransport:transport-backend-cct:2.3.3] AndroidManifest.xml:34:17-36
190        </service>
191        <service
191-->[com.google.android.datatransport:transport-runtime:2.2.6] AndroidManifest.xml:26:9-30:19
192            android:name="com.google.android.datatransport.runtime.scheduling.jobscheduling.JobInfoSchedulerService"
192-->[com.google.android.datatransport:transport-runtime:2.2.6] AndroidManifest.xml:27:13-117
193            android:exported="false"
193-->[com.google.android.datatransport:transport-runtime:2.2.6] AndroidManifest.xml:28:13-37
194            android:permission="android.permission.BIND_JOB_SERVICE" >
194-->[com.google.android.datatransport:transport-runtime:2.2.6] AndroidManifest.xml:29:13-69
195        </service>
196
197        <receiver
197-->[com.google.android.datatransport:transport-runtime:2.2.6] AndroidManifest.xml:32:9-34:40
198            android:name="com.google.android.datatransport.runtime.scheduling.jobscheduling.AlarmManagerSchedulerBroadcastReceiver"
198-->[com.google.android.datatransport:transport-runtime:2.2.6] AndroidManifest.xml:33:13-132
199            android:exported="false" />
199-->[com.google.android.datatransport:transport-runtime:2.2.6] AndroidManifest.xml:34:13-37
200
201        <meta-data
201-->[com.facebook.soloader:soloader:0.12.1] AndroidManifest.xml:12:9-14:37
202            android:name="com.facebook.soloader.enabled"
202-->[com.facebook.soloader:soloader:0.12.1] AndroidManifest.xml:13:13-57
203            android:value="false" />
203-->[com.facebook.soloader:soloader:0.12.1] AndroidManifest.xml:14:13-34
204        <meta-data
204-->[com.android.support:appcompat-v7:26.1.0] AndroidManifest.xml:26:9-28:38
205            android:name="android.support.VERSION"
205-->[com.android.support:appcompat-v7:26.1.0] AndroidManifest.xml:27:13-51
206            android:value="26.1.0" />
206-->[com.android.support:appcompat-v7:26.1.0] AndroidManifest.xml:28:13-35
207    </application>
208
209</manifest>